

> @repo/api@0.0.0 build
> tsup src/* --format cjs,esm && npm run types

[1G[0K[34mCLI[39m Building entry: src/index.ts, src/queries.ts, src/complaints/dto/complaints.dto.ts, src/documents/dto/documents.dto.ts, src/links/dto/create-link.dto.ts, src/links/dto/update-link.dto.ts, src/links/entities/link.entity.ts, src/users/dto/users.dto.ts, src/vehicles/dto/vehicles.dto.ts
[34mCLI[39m Using tsconfig: tsconfig.json
[34mCLI[39m tsup v8.5.0
[34mCLI[39m Target: es2022
[34mCJS[39m Build start
[34mESM[39m Build start
[32mESM[39m [1mdist/vehicles/dto/vehicles.dto.mjs     [22m[32m1.38 KB[39m
[32mESM[39m [1mdist/index.mjs                         [22m[32m557.00 B[39m
[32mESM[39m [1mdist/queries.mjs                       [22m[32m78.00 B[39m
[32mESM[39m [1mdist/complaints/dto/complaints.dto.mjs [22m[32m285.00 B[39m
[32mESM[39m [1mdist/chunk-KHDANRXC.mjs                [22m[32m4.60 KB[39m
[32mESM[39m [1mdist/documents/dto/documents.dto.mjs   [22m[32m1.32 KB[39m
[32mESM[39m [1mdist/links/dto/create-link.dto.mjs     [22m[32m88.00 B[39m
[32mESM[39m [1mdist/links/dto/update-link.dto.mjs     [22m[32m123.00 B[39m
[32mESM[39m [1mdist/chunk-SKDSOMIZ.mjs                [22m[32m96.00 B[39m
[32mESM[39m [1mdist/chunk-3SFKBB2Y.mjs                [22m[32m240.00 B[39m
[32mESM[39m [1mdist/chunk-XHCQAKNT.mjs                [22m[32m306.00 B[39m
[32mESM[39m [1mdist/users/dto/users.dto.mjs           [22m[32m858.00 B[39m
[32mESM[39m [1mdist/chunk-GZ4POAPY.mjs                [22m[32m212.00 B[39m
[32mESM[39m [1mdist/links/entities/link.entity.mjs    [22m[32m70.00 B[39m
[32mESM[39m âš¡ï¸ Build success in 77ms
[32mCJS[39m [1mdist/queries.js                       [22m[32m1.24 KB[39m
[32mCJS[39m [1mdist/index.js                         [22m[32m8.04 KB[39m
[32mCJS[39m [1mdist/users/dto/users.dto.js           [22m[32m2.42 KB[39m
[32mCJS[39m [1mdist/vehicles/dto/vehicles.dto.js     [22m[32m3.21 KB[39m
[32mCJS[39m [1mdist/links/dto/create-link.dto.js     [22m[32m1.11 KB[39m
[32mCJS[39m [1mdist/links/dto/update-link.dto.js     [22m[32m1.33 KB[39m
[32mCJS[39m [1mdist/complaints/dto/complaints.dto.js [22m[32m7.38 KB[39m
[32mCJS[39m [1mdist/links/entities/link.entity.js    [22m[32m1.29 KB[39m
[32mCJS[39m [1mdist/documents/dto/documents.dto.js   [22m[32m3.15 KB[39m
[32mCJS[39m âš¡ï¸ Build success in 78ms

> @repo/api@0.0.0 types
> tsc -p tsconfig.types.json

[1G[0K[1G[0Kâ ™[1G[0K[1G[0Kâ ™[1G[0K
