
> @repo/database@1.0.0 prebuild
> npm run generate


> @repo/database@1.0.0 generate
> prisma generate

Prisma schema loaded from prisma\schema.prisma
в”Ңв”Җв”Җв”Җв”Җв”Җв”Җв”Җв”Җв”Җв”Җв”Җв”Җв”Җв”Җв”Җв”Җв”Җв”Җв”Җв”Җв”Җв”Җв”Җв”Җв”Җв”Җв”Җв”Җв”Җв”Җв”Җв”Җв”Җв”Җв”Җв”Җв”Җв”Җв”Җв”Җв”Җв”Җв”Җв”Җв”Җв”Җв”Җв”Җв”Җв”Җв”Җв”Җв”Җв”Җв”Җв”Җв”Җв”җ
в”Ӯ  Update available 6.18.0 -> 7.8.0                       в”Ӯ
в”Ӯ                                                         в”Ӯ
в”Ӯ  This is a major update - please follow the guide at    в”Ӯ
в”Ӯ  https://pris.ly/d/major-version-upgrade                в”Ӯ
в”Ӯ                                                         в”Ӯ
в”Ӯ  Run the following to update                            в”Ӯ
в”Ӯ    npm i --save-dev prisma@latest                       в”Ӯ
в”Ӯ    npm i @prisma/client@latest                          в”Ӯ
в””в”Җв”Җв”Җв”Җв”Җв”Җв”Җв”Җв”Җв”Җв”Җв”Җв”Җв”Җв”Җв”Җв”Җв”Җв”Җв”Җв”Җв”Җв”Җв”Җв”Җв”Җв”Җв”Җв”Җв”Җв”Җв”Җв”Җв”Җв”Җв”Җв”Җв”Җв”Җв”Җв”Җв”Җв”Җв”Җв”Җв”Җв”Җв”Җв”Җв”Җв”Җв”Җв”Җв”Җв”Җв”Җв”Җв”ҳ

вң” Generated Prisma Client (v6.18.0) to .\..\..\node_modules\@prisma\client in 102ms

Start by importing your Prisma Client (See: https://pris.ly/d/importing-client)

Tip: Need your database queries to be 1000x faster? Accelerate offers you that and more: https://pris.ly/tip-2-accelerate


> @repo/database@1.0.0 build
> tsup src/* --format cjs,esm && npm run types

[34mCLI[39m Building entry: src/client.ts, src/seed.ts
[34mCLI[39m Using tsconfig: tsconfig.json
[34mCLI[39m tsup v8.5.0
[34mCLI[39m Target: es2022
[34mCJS[39m Build start
[34mESM[39m Build start
[32mCJS[39m [1mdist\client.js [22m[32m1.48 KB[39m
[32mCJS[39m [1mdist\seed.js   [22m[32m5.54 KB[39m
[32mCJS[39m вҡЎпёҸ Build success in 35ms
[32mESM[39m [1mdist\client.mjs         [22m[32m70.00 B[39m
[32mESM[39m [1mdist\seed.mjs           [22m[32m3.71 KB[39m
[32mESM[39m [1mdist\chunk-Z74QFS6J.mjs [22m[32m283.00 B[39m
[32mESM[39m вҡЎпёҸ Build success in 36ms

> @repo/database@1.0.0 types
> tsc -p tsconfig.types.json

